[    0.000000] Initializing cgroup subsys cpuset
[    0.000000] Initializing cgroup subsys cpu
[    0.000000] Initializing cgroup subsys cpuacct
[    0.000000] Linux version 4.4.0-203-generic (buildd@lcy01-amd64-027) (gcc version 5.4.0 20160609 (Ubuntu 5.4.0-6ubuntu1~16.04.12) ) #235-Ubuntu SMP Tue Feb 2 02:49:08 UTC 2021 (Ubuntu 4.4.0-203.235-generic 4.4.249)
[    0.000000] Command line: BOOT_IMAGE=/boot/vmlinuz-4.4.0-203-generic root=LABEL=cloudimg-rootfs ro console=tty1 console=ttyS0
[    0.000000] KERNEL supported cpus:
[    0.000000]   Intel GenuineIntel
[    0.000000]   AMD AuthenticAMD
[    0.000000]   Centaur CentaurHauls
[    0.000000] x86/fpu: Legacy x87 FPU detected.
[    0.000000] e820: BIOS-provided physical RAM map:
[    0.000000] BIOS-e820: [mem 0x0000000000000000-0x000000000009fbff] usable
[    0.000000] BIOS-e820: [mem 0x000000000009fc00-0x000000000009ffff] reserved
[    0.000000] BIOS-e820: [mem 0x00000000000f0000-0x00000000000fffff] reserved
[    0.000000] BIOS-e820: [mem 0x0000000000100000-0x000000003ffeffff] usable
[    0.000000] BIOS-e820: [mem 0x000000003fff0000-0x000000003fffffff] ACPI data
[    0.000000] BIOS-e820: [mem 0x00000000fec00000-0x00000000fec00fff] reserved
[    0.000000] BIOS-e820: [mem 0x00000000fee00000-0x00000000fee00fff] reserved
[    0.000000] BIOS-e820: [mem 0x00000000fffc0000-0x00000000ffffffff] reserved
[    0.000000] NX (Execute Disable) protection: active
[    0.000000] SMBIOS 2.5 present.
[    0.000000] Hypervisor detected: KVM
[    0.000000] Kernel/User page tables isolation: disabled
[    0.000000] e820: last_pfn = 0x3fff0 max_arch_pfn = 0x400000000
[    0.000000] MTRR: Disabled
[    0.000000] x86/PAT: MTRRs disabled, skipping PAT initialization too.
[    0.000000] CPU MTRRs all blank - virtualized system.
[    0.000000] x86/PAT: Configuration [0-7]: WB  WT  UC- UC  WB  WT  UC- UC  
[    0.000000] found SMP MP-table at [mem 0x0009fff0-0x0009ffff] mapped at [ffff88000009fff0]
[    0.000000] Scanning 1 areas for low memory corruption
[    0.000000] RAMDISK: [mem 0x362da000-0x37164fff]
[    0.000000] ACPI: Early table checksum verification disabled
[    0.000000] ACPI: RSDP 0x00000000000E0000 000024 (v02 VBOX  )
[    0.000000] ACPI: XSDT 0x000000003FFF0030 00003C (v01 VBOX   VBOXXSDT 00000001 ASL  00000061)
[    0.000000] ACPI: FACP 0x000000003FFF00F0 0000F4 (v04 VBOX   VBOXFACP 00000001 ASL  00000061)
[    0.000000] ACPI: DSDT 0x000000003FFF0470 002325 (v02 VBOX   VBOXBIOS 00000002 INTL 20100528)
[    0.000000] ACPI: FACS 0x000000003FFF0200 000040
[    0.000000] ACPI: FACS 0x000000003FFF0200 000040
[    0.000000] ACPI: APIC 0x000000003FFF0240 00005C (v02 VBOX   VBOXAPIC 00000001 ASL  00000061)
[    0.000000] ACPI: SSDT 0x000000003FFF02A0 0001CC (v01 VBOX   VBOXCPUT 00000002 INTL 20100528)
[    0.000000] No NUMA configuration found
[    0.000000] Faking a node at [mem 0x0000000000000000-0x000000003ffeffff]
[    0.000000] NODE_DATA(0) allocated [mem 0x3ffeb000-0x3ffeffff]
[    0.000000] kvm-clock: Using msrs 4b564d01 and 4b564d00
[    0.000000] kvm-clock: cpu 0, msr 0:3ffe3001, primary cpu clock
[    0.000000] kvm-clock: using sched offset of 5958926364 cycles
[    0.000000] clocksource: kvm-clock: mask: 0xffffffffffffffff max_cycles: 0x1cd42e4dffb, max_idle_ns: 881590591483 ns
[    0.000000] Zone ranges:
[    0.000000]   DMA      [mem 0x0000000000001000-0x0000000000ffffff]
[    0.000000]   DMA32    [mem 0x0000000001000000-0x000000003ffeffff]
[    0.000000]   Normal   empty
[    0.000000]   Device   empty
[    0.000000] Movable zone start for each node
[    0.000000] Early memory node ranges
[    0.000000]   node   0: [mem 0x0000000000001000-0x000000000009efff]
[    0.000000]   node   0: [mem 0x0000000000100000-0x000000003ffeffff]
[    0.000000] Initmem setup node 0 [mem 0x0000000000001000-0x000000003ffeffff]
[    0.000000] ACPI: PM-Timer IO Port: 0x4008
[    0.000000] IOAPIC[0]: apic_id 2, version 32, address 0xfec00000, GSI 0-23
[    0.000000] ACPI: INT_SRC_OVR (bus 0 bus_irq 0 global_irq 2 dfl dfl)
[    0.000000] ACPI: INT_SRC_OVR (bus 0 bus_irq 9 global_irq 9 low level)
[    0.000000] Using ACPI (MADT) for SMP configuration information
[    0.000000] smpboot: Allowing 2 CPUs, 0 hotplug CPUs
[    0.000000] PM: Registered nosave memory: [mem 0x00000000-0x00000fff]
[    0.000000] PM: Registered nosave memory: [mem 0x0009f000-0x0009ffff]
[    0.000000] PM: Registered nosave memory: [mem 0x000a0000-0x000effff]
[    0.000000] PM: Registered nosave memory: [mem 0x000f0000-0x000fffff]
[    0.000000] e820: [mem 0x40000000-0xfebfffff] available for PCI devices
[    0.000000] Booting paravirtualized kernel on KVM
[    0.000000] clocksource: refined-jiffies: mask: 0xffffffff max_cycles: 0xffffffff, max_idle_ns: 7645519600211568 ns
[    0.000000] setup_percpu: NR_CPUS:512 nr_cpumask_bits:512 nr_cpu_ids:2 nr_node_ids:1
[    0.000000] PERCPU: Embedded 33 pages/cpu @ffff88003fc00000 s95640 r8192 d31336 u1048576
[    0.000000] Built 1 zonelists in Node order, mobility grouping on.  Total pages: 257912
[    0.000000] Policy zone: DMA32
[    0.000000] Kernel command line: BOOT_IMAGE=/boot/vmlinuz-4.4.0-203-generic root=LABEL=cloudimg-rootfs ro console=tty1 console=ttyS0
[    0.000000] PID hash table entries: 4096 (order: 3, 32768 bytes)
[    0.000000] Memory: 997648K/1048120K available (8641K kernel code, 1337K rwdata, 4044K rodata, 1496K init, 1296K bss, 50472K reserved, 0K cma-reserved)
[    0.000000] SLUB: HWalign=64, Order=0-3, MinObjects=0, CPUs=2, Nodes=1
[    0.000000] Hierarchical RCU implementation.
[    0.000000] 	Build-time adjustment of leaf fanout to 64.
[    0.000000] 	RCU restricting CPUs from NR_CPUS=512 to nr_cpu_ids=2.
[    0.000000] RCU: Adjusting geometry for rcu_fanout_leaf=64, nr_cpu_ids=2
[    0.000000] NR_IRQS:33024 nr_irqs:440 16
[    0.000000] Console: colour VGA+ 80x25
[    0.000000] console [tty1] enabled
[    0.000000] console [ttyS0] enabled
[    0.000000] tsc: Detected 1190.402 MHz processor
[    1.095855] Calibrating delay loop (skipped) preset value.. 2380.80 BogoMIPS (lpj=4761608)
[    1.113333] pid_max: default: 32768 minimum: 301
[    1.122632] ACPI: Core revision 20150930
[    1.134684] ACPI: 2 ACPI AML tables successfully acquired and loaded
[    1.148793] Security Framework initialized
[    1.157259] Yama: becoming mindful.
[    1.165926] AppArmor: AppArmor initialized
[    1.174008] Dentry cache hash table entries: 131072 (order: 8, 1048576 bytes)
[    1.200021] Inode-cache hash table entries: 65536 (order: 7, 524288 bytes)
[    1.218886] Mount-cache hash table entries: 2048 (order: 2, 16384 bytes)
[    1.235957] Mountpoint-cache hash table entries: 2048 (order: 2, 16384 bytes)
[    1.254631] Initializing cgroup subsys io
[    1.263846] Initializing cgroup subsys memory
[    1.273179] Initializing cgroup subsys devices
[    1.284509] Initializing cgroup subsys freezer
[    1.295049] Initializing cgroup subsys net_cls
[    1.306272] Initializing cgroup subsys perf_event
[    1.317342] Initializing cgroup subsys net_prio
[    1.329196] Initializing cgroup subsys hugetlb
[    1.339902] Initializing cgroup subsys pids
[    1.351784] mce: CPU supports 0 MCE banks
[    1.359761] Last level iTLB entries: 4KB 0, 2MB 0, 4MB 0
[    1.368865] Last level dTLB entries: 4KB 0, 2MB 0, 4MB 0, 1GB 0
[    1.379314] Spectre V1 : Mitigation: usercopy/swapgs barriers and __user pointer sanitization
[    1.393707] Spectre V2 : Mitigation: Enhanced IBRS
[    1.400959] Spectre V2 : Spectre v2 / SpectreRSB mitigation: Filling RSB on context switch
[    1.415248] Speculative Store Bypass: Vulnerable
[    1.425910] MDS: Mitigation: Clear CPU buffers
[    1.486982] Freeing SMP alternatives memory: 36K
[    1.604821] ftrace: allocating 32366 entries in 127 pages
[    2.770249] smpboot: APIC(0) Converting physical 0 to logical package 0
[    2.783850] smpboot: Max logical packages: 1
[    2.819449] ..TIMER: vector=0x30 apic1=0 pin1=2 apic2=-1 pin2=-1
[    2.939889] smpboot: CPU0: Intel(R) Core(TM) i5-1035G1 CPU @ 1.00GHz (family: 0x6, model: 0x7e, stepping: 0x5)
[    2.959160] Performance Events: unsupported p6 CPU model 126 no PMU driver, software events only.
[    3.094865] KVM setup paravirtual spinlock
[    3.113983] x86: Booting SMP configuration:
[    3.122227] .... node  #0, CPUs:      #1
[    3.133254] kvm-clock: cpu 1, msr 0:3ffe3041, secondary cpu clock
[    3.144501] mce: CPU supports 0 MCE banks
[    3.150183] TSC synchronization [CPU#0 -> CPU#1]:
[    3.158854] Measured 67506 cycles TSC warp between CPUs, turning off TSC clock.
[    3.170076] tsc: Marking TSC unstable due to check_tsc_sync_source failed
[    0.662283] x86: Booted up 1 node, 2 CPUs
[    0.664007] smpboot: Total of 2 processors activated (4761.60 BogoMIPS)
[    0.680014] devtmpfs: initialized
[    0.688715] evm: security.selinux
[    0.692006] evm: security.SMACK64
[    0.696005] evm: security.SMACK64EXEC
[    0.700005] evm: security.SMACK64TRANSMUTE
[    0.704007] evm: security.SMACK64MMAP
[    0.708005] evm: security.ima
[    0.712006] evm: security.capability
[    0.720909] clocksource: jiffies: mask: 0xffffffff max_cycles: 0xffffffff, max_idle_ns: 7645041785100000 ns
[    0.724024] futex hash table entries: 512 (order: 3, 32768 bytes)
[    0.732346] pinctrl core: initialized pinctrl subsystem
[    0.736645] RTC time: 18:58:34, date: 03/16/21
[    0.745238] NET: Registered protocol family 16
[    0.760017] cpuidle: using governor ladder
[    0.776023] cpuidle: using governor menu
[    0.780014] PCCT header not found.
[    0.784144] ACPI: bus type PCI registered
[    0.788007] acpiphp: ACPI Hot Plug PCI Controller Driver version: 0.5
[    0.796049] PCI: Using configuration type 1 for base access
[    0.825482] ACPI: Added _OSI(Module Device)
[    0.828007] ACPI: Added _OSI(Processor Device)
[    0.832006] ACPI: Added _OSI(3.0 _SCP Extensions)
[    0.836006] ACPI: Added _OSI(Processor Aggregator Device)
[    0.842306] ACPI: Executed 1 blocks of module-level executable AML code
[    0.860168] ACPI: Interpreter enabled
[    0.864022] ACPI: (supports S0 S5)
[    0.868007] ACPI: Using IOAPIC for interrupt routing
[    0.872769] PCI: Using host bridge windows from ACPI; if necessary, use "pci=nocrs" and report a bug
[    0.893462] ACPI: PCI Root Bridge [PCI0] (domain 0000 [bus 00-ff])
[    0.896024] acpi PNP0A03:00: _OSC: OS supports [ASPM ClockPM Segments MSI]
[    0.905455] acpi PNP0A03:00: _OSC: not requesting OS control; OS requires [ExtendedConfig ASPM ClockPM MSI]
[    0.908032] acpi PNP0A03:00: fail to add MMCONFIG information, can't access extended PCI configuration space under this bridge.
[    0.913207] PCI host bridge to bus 0000:00
[    0.916033] pci_bus 0000:00: root bus resource [io  0x0000-0x0cf7 window]
[    0.920010] pci_bus 0000:00: root bus resource [io  0x0d00-0xffff window]
[    0.924013] pci_bus 0000:00: root bus resource [mem 0x000a0000-0x000bffff window]
[    0.928040] pci_bus 0000:00: root bus resource [mem 0x40000000-0xfdffffff window]
[    0.936030] pci_bus 0000:00: root bus resource [bus 00-ff]
[    0.949625] pci 0000:00:01.1: legacy IDE quirk: reg 0x10: [io  0x01f0-0x01f7]
[    0.952011] pci 0000:00:01.1: legacy IDE quirk: reg 0x14: [io  0x03f6]
[    0.956010] pci 0000:00:01.1: legacy IDE quirk: reg 0x18: [io  0x0170-0x0177]
[    0.960009] pci 0000:00:01.1: legacy IDE quirk: reg 0x1c: [io  0x0376]
[    1.040920] pci 0000:00:07.0: quirk: [io  0x4000-0x403f] claimed by PIIX4 ACPI
[    1.044068] pci 0000:00:07.0: quirk: [io  0x4100-0x410f] claimed by PIIX4 SMB
[    1.073620] ACPI: PCI Interrupt Link [LNKA] (IRQs 5 9 10 *11)
[    1.088854] ACPI: PCI Interrupt Link [LNKB] (IRQs 5 9 *10 11)
[    1.102102] ACPI: PCI Interrupt Link [LNKC] (IRQs 5 *9 10 11)
[    1.113405] ACPI: PCI Interrupt Link [LNKD] (IRQs 5 9 10 *11)
[    1.124637] ACPI: Enabled 2 GPEs in block 00 to 07
[    1.132389] vgaarb: setting as boot device: PCI:0000:00:02.0
[    1.136000] vgaarb: device added: PCI:0000:00:02.0,decodes=io+mem,owns=io+mem,locks=none
[    1.136012] vgaarb: loaded
[    1.140008] vgaarb: bridge control possible 0000:00:02.0
[    1.145178] SCSI subsystem initialized
[    1.148551] ACPI: bus type USB registered
[    1.152050] usbcore: registered new interface driver usbfs
[    1.156075] usbcore: registered new interface driver hub
[    1.160416] usbcore: registered new device driver usb
[    1.172318] PCI: Using ACPI for IRQ routing
[    1.181684] NetLabel: Initializing
[    1.184005] NetLabel:  domain hash size = 128
[    1.188004] NetLabel:  protocols = UNLABELED CIPSOv4
[    1.192035] NetLabel:  unlabeled traffic allowed by default
[    1.196305] amd_nb: Cannot enumerate AMD northbridges
[    1.200592] clocksource: Switched to clocksource kvm-clock
[    1.289489] AppArmor: AppArmor Filesystem Enabled
[    1.292881] pnp: PnP ACPI init
[    1.292881] pnp: PnP ACPI: found 3 devices
[    1.395299] clocksource: acpi_pm: mask: 0xffffff max_cycles: 0xffffff, max_idle_ns: 2085701024 ns
[    1.396539] NET: Registered protocol family 2
[    1.420491] TCP established hash table entries: 8192 (order: 4, 65536 bytes)
[    1.434940] TCP bind hash table entries: 8192 (order: 5, 131072 bytes)
[    1.438259] TCP: Hash tables configured (established 8192 bind 8192)
[    1.438259] UDP hash table entries: 512 (order: 2, 16384 bytes)
[    1.438259] UDP-Lite hash table entries: 512 (order: 2, 16384 bytes)
[    1.438259] NET: Registered protocol family 1
[    1.438259] pci 0000:00:00.0: Limiting direct PCI/PCI transfers
[    1.438259] pci 0000:00:01.0: Activating ISA DMA hang workarounds
[    1.438259] Unpacking initramfs...
[    2.136036] Freeing initrd memory: 14892K
[    2.136036] clocksource: tsc: mask: 0xffffffffffffffff max_cycles: 0x1128b0cf317, max_idle_ns: 440795227453 ns
[    2.136036] platform rtc_cmos: registered platform RTC device (no PNP device found)
[    2.136036] Scanning for low memory corruption every 60 seconds
[    2.506878] audit: initializing netlink subsys (disabled)
[    2.526048] audit: type=2000 audit(1615921121.508:1): initialized
[    2.541485] Initialise system trusted keyring
[    2.554375] HugeTLB registered 2 MB page size, pre-allocated 0 pages
[    2.573582] zbud: loaded
[    2.584128] VFS: Disk quotas dquot_6.6.0
[    2.591274] VFS: Dquot-cache hash table entries: 512 (order 0, 4096 bytes)
[    2.595043] squashfs: version 4.0 (2009/01/31) Phillip Lougher
[    2.621332] fuse init (API version 7.23)
[    2.629980] Key type big_key registered
[    2.641394] Allocating IMA MOK and blacklist keyrings.
[    2.679171] Key type asymmetric registered
[    2.689177] Asymmetric key parser 'x509' registered
[    2.698897] Block layer SCSI generic (bsg) driver version 0.4 loaded (major 249)
[    2.716350] io scheduler noop registered
[    2.724849] io scheduler deadline registered (default)
[    2.735354] io scheduler cfq registered
[    2.745013] pci_hotplug: PCI Hot Plug PCI Core version: 0.5
[    2.756158] pciehp: PCI Express Hot Plug Controller Driver version: 0.4
[    2.769090] ACPI: AC Adapter [AC] (off-line)
[    2.779405] input: Power Button as /devices/LNXSYSTM:00/LNXPWRBN:00/input/input0
[    2.795619] ACPI: Power Button [PWRF]
[    2.804444] input: Sleep Button as /devices/LNXSYSTM:00/LNXSLPBN:00/input/input1
[    2.819445] ACPI: Sleep Button [SLPF]
[    2.830909] GHES: HEST is not enabled!
[    2.835190] ACPI: Battery Slot [BAT0] (battery present)
[    2.853473] Serial: 8250/16550 driver, 32 ports, IRQ sharing enabled
[    2.895561] 00:02: ttyS0 at I/O 0x3f8 (irq = 4, base_baud = 115200) is a 16550A
[    2.944697] Linux agpgart interface v0.103
[    2.990151] loop: module loaded
[    3.001933] scsi host0: ata_piix
[    3.009959] scsi host1: ata_piix
[    3.013867] ata1: PATA max UDMA/33 cmd 0x1f0 ctl 0x3f6 bmdma 0xd000 irq 14
[    3.013867] ata2: PATA max UDMA/33 cmd 0x170 ctl 0x376 bmdma 0xd008 irq 15
[    3.042797] libphy: Fixed MDIO Bus: probed
[    3.051138] tun: Universal TUN/TAP device driver, 1.6
[    3.054590] tun: (C) 1999-2004 Max Krasnyansky <maxk@qualcomm.com>
[    3.069922] PPP generic driver version 2.4.2
[    3.078108] ehci_hcd: USB 2.0 'Enhanced' Host Controller (EHCI) Driver
[    3.090868] ehci-pci: EHCI PCI platform driver
[    3.098188] ehci-platform: EHCI generic platform driver
[    3.106303] ohci_hcd: USB 1.1 'Open' Host Controller (OHCI) Driver
[    3.116288] ohci-pci: OHCI PCI platform driver
[    3.122941] ohci-platform: OHCI generic platform driver
[    3.132960] uhci_hcd: USB Universal Host Controller Interface driver
[    3.152021] i8042: PNP: PS/2 Controller [PNP0303:PS2K,PNP0f03:PS2M] at 0x60,0x64 irq 1,12
[    3.190178] serio: i8042 KBD port at 0x60,0x64 irq 1
[    3.301346] serio: i8042 AUX port at 0x60,0x64 irq 12
[    3.313921] mousedev: PS/2 mouse device common for all mice
[    3.327269] input: AT Translated Set 2 keyboard as /devices/platform/i8042/serio0/input/input2
[    3.346015] rtc_cmos rtc_cmos: rtc core: registered rtc_cmos as rtc0
[    3.359387] rtc_cmos rtc_cmos: alarms up to one day, 114 bytes nvram
[    3.371912] i2c /dev entries driver
[    3.380588] device-mapper: uevent: version 1.0.3
[    3.390387] device-mapper: ioctl: 4.34.0-ioctl (2015-10-28) initialised: dm-devel@redhat.com
[    3.411724] ledtrig-cpu: registered to indicate activity on CPUs
[    3.433212] NET: Registered protocol family 10
[    3.445980] NET: Registered protocol family 17
[    3.456720] Key type dns_resolver registered
[    3.466761] registered taskstats version 1
[    3.477407] Loading compiled-in X.509 certificates
[    3.492084] Loaded X.509 cert 'Build time autogenerated kernel key: c0f1dd89d7e09a1955be4fde7c6f946674683c10'
[    3.518895] zswap: loaded using pool lzo/zbud
[    3.538464] Key type trusted registered
[    3.566287] Key type encrypted registered
[    3.576826] AppArmor: AppArmor sha1 policy hashing enabled
[    3.587558] ima: No TPM chip found, activating TPM-bypass!
[    3.600752] ima: Allocated hash algorithm: sha1
[    3.609873] evm: HMAC attrs: 0x1
[    3.619176]   Magic number: 13:535:999
[    3.627887] i8042 aux 00:01: hash matches
[    3.637584]  pnp0: hash matches
[    3.646209] rtc_cmos rtc_cmos: setting system clock to 2021-03-16 18:58:37 UTC (1615921117)
[    3.662738] BIOS EDD facility v0.16 2004-Jun-25, 0 devices found
[    3.675606] EDD information not available.
[    3.689640] Freeing unused kernel memory: 1496K
[    3.712238] Write protecting the kernel read-only data: 14336k
[    3.728953] Freeing unused kernel memory: 1588K
[    3.740121] Freeing unused kernel memory: 52K
Loading, please wait...
starting version 229
[    3.800147] random: udevadm: uninitialized urandom read (16 bytes read, 5 bits of entropy available)
[    3.801111] random: systemd-udevd: uninitialized urandom read (16 bytes read, 5 bits of entropy available)
[    3.801144] random: systemd-udevd: uninitialized urandom read (16 bytes read, 5 bits of entropy available)
[    3.801144] random: systemd-udevd: uninitialized urandom read (16 bytes read, 5 bits of entropy available)
[    3.801144] random: systemd-udevd: uninitialized urandom read (16 bytes read, 5 bits of entropy available)
[    3.907598] random: udevadm: uninitialized urandom read (16 bytes read, 5 bits of entropy available)
[    3.952411] random: systemd-udevd: uninitialized urandom read (16 bytes read, 5 bits of entropy available)
[    3.977631] random: systemd-udevd: uninitialized urandom read (16 bytes read, 5 bits of entropy available)
[    3.986854] random: udevadm: uninitialized urandom read (16 bytes read, 5 bits of entropy available)
[    3.986981] random: udevadm: uninitialized urandom read (16 bytes read, 5 bits of entropy available)
[    4.143365] Fusion MPT base driver 3.04.20
[    4.154980] Copyright (c) 1999-2008 LSI Corporation
[    4.166965] e1000: Intel(R) PRO/1000 Network Driver - version 7.3.21-k8-NAPI
[    4.184863] e1000: Copyright (c) 1999-2006 Intel Corporation.
[    4.303697] Fusion MPT SPI Host driver 3.04.20
[    5.023948] input: ImExPS/2 Generic Explorer Mouse as /devices/platform/i8042/serio1/input/input4
[    5.346020] e1000 0000:00:03.0 eth0: (PCI:33MHz:32-bit) 02:6e:7f:8d:d8:76
[    5.349288] e1000 0000:00:03.0 eth0: Intel(R) PRO/1000 Network Connection
[    5.376626] mptbase: ioc0: Initiating bringup
[    5.457392] ioc0: LSI53C1030 A0: Capabilities={Initiator}
[    5.656542] scsi host2: ioc0: LSI53C1030 A0, FwRev=00000000h, Ports=1, MaxQ=256, IRQ=20
[    5.794882] scsi 2:0:0:0: Direct-Access     VBOX     HARDDISK         1.0  PQ: 0 ANSI: 5
[    5.813336] scsi target2:0:0: Beginning Domain Validation
[    5.849513] scsi target2:0:0: Domain Validation skipping write tests
[    5.865901] scsi target2:0:0: Ending Domain Validation
[    5.880988] scsi target2:0:0: asynchronous
[    5.895151] scsi 2:0:1:0: Direct-Access     VBOX     HARDDISK         1.0  PQ: 0 ANSI: 5
[    5.913961] scsi target2:0:1: Beginning Domain Validation
[    5.947174] scsi target2:0:1: Domain Validation skipping write tests
[    5.962534] scsi target2:0:1: Ending Domain Validation
[    5.976657] scsi target2:0:1: asynchronous
[    6.015778] sd 2:0:0:0: [sda] 83886080 512-byte logical blocks: (42.9 GB/40.0 GiB)
[    6.034384] sd 2:0:0:0: Attached scsi generic sg0 type 0
[    6.049406] sd 2:0:1:0: Attached scsi generic sg1 type 0
[    6.065653] sd 2:0:1:0: [sdb] 20480 512-byte logical blocks: (10.5 MB/10.0 MiB)
[    6.129455] sd 2:0:0:0: [sda] Write Protect is off
[    6.142161] sd 2:0:1:0: [sdb] Write Protect is off
[    6.153986] sd 2:0:0:0: [sda] Incomplete mode parameter data
[    6.168664] sd 2:0:0:0: [sda] Assuming drive cache: write through
[    6.183607] sd 2:0:1:0: [sdb] Incomplete mode parameter data
[    6.197165] sd 2:0:1:0: [sdb] Assuming drive cache: write through
[    6.221325]  sda: sda1
[    6.239044] sd 2:0:0:0: [sda] Attached SCSI disk
[    6.258281] sd 2:0:1:0: [sdb] Attached SCSI disk
[    6.909995] e1000 0000:00:08.0 eth1: (PCI:33MHz:32-bit) 08:00:27:95:e4:d9
[    6.924575] e1000 0000:00:08.0 eth1: Intel(R) PRO/1000 Network Connection
[    6.941455] e1000 0000:00:03.0 enp0s3: renamed from eth0
[    6.973034] e1000 0000:00:08.0 enp0s8: renamed from eth1
Begin: Loading essential drivers ... [    9.305300] md: linear personality registered for level -1
[    9.328798] md: multipath personality registered for level -4
[    9.350124] md: raid0 personality registered for level 0
[    9.399233] md: raid1 personality registered for level 1
[   10.914435] raid6: sse2x1   gen() 80845 MB/s
[   12.910670] raid6: sse2x1   xor() 56625 MB/s
[   14.912768] raid6: sse2x2   gen() 120041 MB/s
[   14.998243] raid6: sse2x2   xor()  5213 MB/s
[   15.083212] raid6: sse2x4   gen()  7816 MB/s
[   15.168743] raid6: sse2x4   xor()  5018 MB/s
[   15.179358] raid6: using algorithm sse2x2 gen() 120041 MB/s
[   15.194845] raid6: .... xor() 5213 MB/s, rmw enabled
[   15.207575] raid6: using ssse3x2 recovery algorithm
[   15.226426] xor: measuring software checksum speed
[   15.276447]    prefetch64-sse: 10457.000 MB/sec
[   15.324781]    generic_sse:  7993.000 MB/sec
[   15.333407] xor: using function: prefetch64-sse (10457.000 MB/sec)
[   15.351433] async_tx: api initialized (async)
[   15.443497] md: raid6 personality registered for level 6
[   15.455074] md: raid5 personality registered for level 5
[   15.465589] md: raid4 personality registered for level 4
[   15.523498] md: raid10 personality registered for level 10
done.
Begin: Running /scripts/init-premount ... done.
Begin: Mounting root file system ... Begin: Running /scripts/local-top ... done.
Begin: Running /scripts/local-premount ... [   15.682060] Btrfs loaded
Scanning for Btrfs filesystems
done.
Warning: fsck not present, so skipping root file system
[   15.794886] EXT4-fs (sda1): mounted filesystem with ordered data mode. Opts: (null)
done.
Begin: Running /scripts/local-bottom ... done.
Begin: Running /scripts/init-bottom ... done.
[   16.197455] systemd[1]: systemd 229 running in system mode. (+PAM +AUDIT +SELINUX +IMA +APPARMOR +SMACK +SYSVINIT +UTMP +LIBCRYPTSETUP +GCRYPT +GNUTLS +ACL +XZ -LZ4 +SECCOMP +BLKID +ELFUTILS +KMOD -IDN)
[   16.229990] systemd[1]: Detected virtualization oracle.
[   16.233819] systemd[1]: Detected architecture x86-64.

Welcome to [1mUbuntu 16.04.7 LTS[0m!

[   16.267773] systemd[1]: Set hostname to <ubuntu>.
[   16.290897] systemd[1]: Initializing machine ID from random generator.
[   16.303619] systemd[1]: Installed transient /etc/machine-id file.
[   16.794633] systemd[1]: Started Trigger resolvconf update for networkd DNS.
[[0;32m  OK  [0m] Started Trigger resolvconf update for networkd DNS.
[   16.820848] systemd[1]: Reached target Encrypted Volumes.
[[0;32m  OK  [0m] Reached target Encrypted Volumes.
[   16.838146] systemd[1]: Listening on Device-mapper event daemon FIFOs.
[[0;32m  OK  [0m] Listening on Device-mapper event daemon FIFOs.
[   16.861121] systemd[1]: Listening on LVM2 poll daemon socket.
[[0;32m  OK  [0m] Listening on LVM2 poll daemon socket.
[   16.881836] systemd[1]: Created slice User and Session Slice.
[[0;32m  OK  [0m] Created slice User and Session Slice.
[   16.902443] systemd[1]: Created slice System Slice.
[[0;32m  OK  [0m] Created slice System Slice.
[   16.921284] systemd[1]: Reached target Slices.
[[0;32m  OK  [0m] Reached target Slices.
[   16.936514] systemd[1]: Listening on Journal Socket (/dev/log).
[[0;32m  OK  [0m] Listening on Journal Socket (/dev/log).
[   16.951912] systemd[1]: Listening on Journal Audit Socket.
[[0;32m  OK  [0m] Listening on Journal Audit Socket.
[   16.968521] systemd[1]: Set up automount Arbitrary Executable File Formats File System Automount Point.
[[0;32m  OK  [0m] Set up automount Arbitrary Executab...ats File System Automount Point.
[   16.990205] systemd[1]: Listening on /dev/initctl Compatibility Named Pipe.
[[0;32m  OK  [0m] Listening on /dev/initctl Compatibility Named Pipe.
[   17.008818] systemd[1]: Listening on LVM2 metadata daemon socket.
[[0;32m  OK  [0m] Listening on LVM2 metadata daemon socket.
[   17.026624] systemd[1]: Listening on udev Control Socket.
[[0;32m  OK  [0m] Listening on udev Control Socket.
[   17.043622] systemd[1]: Listening on Syslog Socket.
[[0;32m  OK  [0m] Listening on Syslog Socket.
[   17.059745] systemd[1]: Reached target User and Group Name Lookups.
[[0;32m  OK  [0m] Reached target User and Group Name Lookups.
[   17.079075] systemd[1]: Created slice system-serial\x2dgetty.slice.
[[0;32m  OK  [0m] Created slice system-serial\x2dgetty.slice.
[   17.095849] systemd[1]: Reached target Swap.
[[0;32m  OK  [0m] Reached target Swap.
[   17.108290] systemd[1]: Listening on udev Kernel Socket.
[[0;32m  OK  [0m] Listening on udev Kernel Socket.
[   17.124663] systemd[1]: Started Forward Password Requests to Wall Directory Watch.
[[0;32m  OK  [0m] Started Forward Password Requests to Wall Directory Watch.
[   17.144983] systemd[1]: Reached target System Time Synchronized.
[[0;32m  OK  [0m] Reached target System Time Synchronized.
[   17.161341] systemd[1]: Listening on Journal Socket.
[[0;32m  OK  [0m] Listening on Journal Socket.
[   17.199785] systemd[1]: Starting Monitoring of LVM2 mirrors, snapshots etc. using dmeventd or progress polling...
         Starting Monitoring of LVM2 mirrors... dmeventd or progress polling...
[   17.301481] systemd[1]: Starting Uncomplicated firewall...
         Starting Uncomplicated firewall...
[   17.343170] systemd[1]: Mounting Debug File System...
         Mounting Debug File System...
[   17.395329] systemd[1]: Starting Remount Root and Kernel File Systems...
         Starting Remount Root and Kernel File Systems...
[   17.448754] systemd[1]: Mounting Huge Pages File System...
         Mounting Huge Pages File System...
[   17.513311] EXT4-fs (sda1): re-mounted. Opts: (null)
[   17.540688] random: nonblocking pool is initialized
[   17.560417] systemd[1]: Starting Set console keymap...
         Starting Set console keymap...
[   17.616052] systemd[1]: Starting Create list of required static device nodes for the current kernel...
         Starting Create list of required st... nodes for the current kernel...
[   17.702763] systemd[1]: Starting Nameserver information manager...
         Starting Nameserver information manager...
[   17.730050] systemd[1]: Mounting POSIX Message Queue File System...
         Mounting POSIX Message Queue File System...
[   17.802040] systemd[1]: Starting Load Kernel Modules...
         Starting Load Kernel Modules...
[   17.824057] systemd[1]: Starting Journal Service...
         Starting Journal Service...
[   17.859469] Loading iSCSI transport class v2.0-870.
[   17.886268] systemd[1]: Mounted Debug File System.
[[0;32m  OK  [0m] Mounted Debug File System.
[   17.913499] systemd[1]: Mounted POSIX Message Queue File System.
[[0;32m  OK  [0m] Mounted POSIX Message Queue File System.
[   17.936784] systemd[1]: Mounted Huge Pages File System.
[[0;32m  OK  [0m] Mounted Huge Pages File System.
[   17.955091] systemd[1]: Started Uncomplicated firewall.
[[0;32m  OK  [0m] Started Uncomplicated firewall.
[   17.984970] iscsi: registered transport (tcp)
[   17.985253] systemd[1]: Started Remount Root and Kernel File Systems.
[[0;32m  OK  [0m] Started Remount Root and Kernel File Systems.
[   18.027432] systemd[1]: Started Set console keymap.
[[0;32m  OK  [0m] Started Set console keymap.
[   18.054430] systemd[1]: Started Create list of required static device nodes for the current kernel.
[[0;32m  OK  [0m] Started Create list of required sta...ce nodes for the current kernel.
[   18.153961] systemd[1]: Started Journal Service.
[[0;32m  OK  [0m] Started Journal Service.
[[0;32m  OK  [0m] Started Nameserver information manager.
[[0;32m  OK  [0m] Started LVM2 metadata daemon.
         Starting Create Static Device Nodes in /dev...
         Starting Load/Save Random Seed...
         Starting udev Coldplug all Devices...
         Starting Flush Journal to Persistent Storage...
[[0;32m  OK  [0m] Started Load/Save Random Seed.
[   18.361061] systemd-journald[385]: Received request to flush runtime journal from PID 1
[[0;32m  OK  [0m] Started Flush Journal to Persistent Storage.
[   18.426404] iscsi: registered transport (iser)
[[0;32m  OK  [0m] Started Load Kernel Modules.
         Mounting FUSE Control File System...
         Starting Apply Kernel Variables...
[[0;32m  OK  [0m] Mounted FUSE Control File System.
[[0;32m  OK  [0m] Started Create Static Device Nodes in /dev.
         Starting udev Kernel Device Manager...
[[0;32m  OK  [0m] Started Apply Kernel Variables.
[[0;32m  OK  [0m] Started Monitoring of LVM2 mirrors,...ng dmeventd or progress polling.
[[0;32m  OK  [0m] Started udev Coldplug all Devices.
[[0;32m  OK  [0m] Started udev Kernel Device Manager.
[[0;32m  OK  [0m] Started Dispatch Password Requests to Console Directory Watch.
[[0;32m  OK  [0m] Reached target Local File Systems (Pre).
[[0;32m  OK  [0m] Reached target Local File Systems.
         Starting Commit a transient machine-id on disk...
         Starting Tell Plymouth To Write Out Runtime Data...
         Starting LSB: AppArmor initialization...
         Starting Set console font and keymap...
         Starting Initial cloud-init job (pre-networking)...
         Starting Create Volatile Files and Directories...
[[0;32m  OK  [0m] Started Commit a transient machine-id on disk.
[[0;32m  OK  [0m] Started Tell Plymouth To Write Out Runtime Data.
[[0;32m  OK  [0m] Started Create Volatile Files and Directories.
         Starting Update UTMP about System Boot/Shutdown...
[[0;32m  OK  [0m] Started Update UTMP about System Boot/Shutdown.
[[0;32m  OK  [0m] Found device /dev/ttyS0.
[[0;32m  OK  [0m] Listening on Load/Save RF Kill Switch Status /dev/rfkill Watch.
[[0;32m  OK  [0m] Started LSB: AppArmor initialization.
[   24.308505] cloud-init[499]: Cloud-init v. 20.4.1-0ubuntu1~16.04.1 running 'init-local' at Tue, 16 Mar 2021 18:58:57 +0000. Up 23.24 seconds.
         Starting Load AppArmor profiles managed internally by snapd...
[[0;32m  OK  [0m] Started Initial cloud-init job (pre-networking).
[[0;32m  OK  [0m] Started Load AppArmor profiles managed internally by snapd.
[[0;32m  OK  [0m] Reached target Network (Pre).
         Starting Raise network interfaces...
[[0;32m  OK  [0m] Started Set console font and keymap.
[[0;32m  OK  [0m] Created slice system-getty.slice.
[[0;32m  OK  [0m] Started Raise network interfaces.
         Starting Initial cloud-init job (metadata service crawler)...
[[0;32m  OK  [0m] Reached target Network.
[   28.908687] cloud-init[962]: Cloud-init v. 20.4.1-0ubuntu1~16.04.1 running 'init' at Tue, 16 Mar 2021 18:59:01 +0000. Up 27.74 seconds.
[   28.921450] cloud-init[962]: ci-info: ++++++++++++++++++++++++++++++++++++++Net device info+++++++++++++++++++++++++++++++++++++++
[   28.937924] cloud-init[962]: ci-info: +--------+-------+----------------------------+---------------+--------+-------------------+
[   28.951107] cloud-init[962]: ci-info: | Device |   Up  |          Address           |      Mask     | Scope  |     Hw-Address    |
[   28.969228] cloud-init[962]: ci-info: +--------+-------+----------------------------+---------------+--------+-------------------+
[   28.983397] cloud-init[962]: ci-info: | enp0s3 |  True |         10.0.2.15          | 255.255.255.0 | global | 02:6e:7f:8d:d8:76 |
[   28.999078] cloud-init[962]: ci-info: | enp0s3 |  True | fe80::6e:7fff:fe8d:d876/64 |       .       |  link  | 02:6e:7f:8d:d8:76 |
[   29.014756] cloud-init[962]: ci-info: | enp0s8 | False |             .              |       .       |   .    | 08:00:27:95:e4:d9 |
[   29.029254] cloud-init[962]: ci-info: |   lo   |  True |         127.0.0.1          |   255.0.0.0   |  host  |         .         |
[   29.041246] cloud-init[962]: ci-info: |   lo   |  True |          ::1/128           |       .       |  host  |         .         |
[   29.053917] cloud-init[962]: ci-info: +--------+-------+----------------------------+---------------+--------+-------------------+
[   29.067696] cloud-init[962]: ci-info: +++++++++++++++++++++++++++Route IPv4 info++++++++++++++++++++++++++++
[   29.079584] cloud-init[962]: ci-info: +-------+-------------+----------+---------------+-----------+-------+
[   29.091729] cloud-init[962]: ci-info: | Route | Destination | Gateway  |    Genmask    | Interface | Flags |
[   29.103609] cloud-init[962]: ci-info: +-------+-------------+----------+---------------+-----------+-------+
[   29.116651] cloud-init[962]: ci-info: |   0   |   0.0.0.0   | 10.0.2.2 |    0.0.0.0    |   enp0s3  |   UG  |
[   29.128915] cloud-init[962]: ci-info: |   1   |   10.0.2.0  | 0.0.0.0  | 255.255.255.0 |   enp0s3  |   U   |
[   29.139690] cloud-init[962]: ci-info: +-------+-------------+----------+---------------+-----------+-------+
[   29.153008] cloud-init[962]: ci-info: +++++++++++++++++++Route IPv6 info+++++++++++++++++++
[   29.164752] cloud-init[962]: ci-info: +-------+-------------+---------+-----------+-------+
[   29.176112] cloud-init[962]: ci-info: | Route | Destination | Gateway | Interface | Flags |
[   29.188144] cloud-init[962]: ci-info: +-------+-------------+---------+-----------+-------+
[   29.199231] cloud-init[962]: ci-info: |   0   |  fe80::/64  |    ::   |   enp0s3  |   U   |
[   29.209726] cloud-init[962]: ci-info: |   3   |   ff00::/8  |    ::   |   enp0s3  |   U   |
[   29.219330] cloud-init[962]: ci-info: +-------+-------------+---------+-----------+-------+
[   29.229770] cloud-init[962]: Generating public/private rsa key pair.
[   29.238921] cloud-init[962]: Your identification has been saved in /etc/ssh/ssh_host_rsa_key.
[   29.250075] cloud-init[962]: Your public key has been saved in /etc/ssh/ssh_host_rsa_key.pub.
[   29.261130] cloud-init[962]: The key fingerprint is:
[   29.269579] cloud-init[962]: SHA256:B+smTOj1p8Z87WAfvd1l/9H+rGicL74ZoiSVaw36W9E root@ubuntu-xenial
[   29.279783] cloud-init[962]: The key's randomart image is:
[   29.289167] cloud-init[962]: +---[RSA 2048]----+
[   29.297564] cloud-init[962]: |                 |
[   29.304353] cloud-init[962]: |                 |
[   29.313342] cloud-init[962]: |        .        |
[   29.324828] cloud-init[962]: |     .   + .     |
[[0;32m  OK  [0m] Started Initial cloud-init job (metadata service crawler).
[   29.345212] cloud-init[962]: |    . o S o E    |
[[0;32m  OK  [0m] Reached target Cloud-config availability.
[   29.366403] [[0;32m  OK  [0m] Reached target System Initialization.
         Starting Socket activation for snappy daemon.
[[0;32m  OK  [0m] Listening on D-Bus System Message Bus Socket.
         Starting LXD - unix socket.
[[0;32m  OK  [0m] Listening on UUID daemon activation socket.
cloud-init[962]: |   . + = = . .  .|
[[0;32m  OK  [0m] Started ACPI Events Check.
[   29.407746] cloud-init[962]: |    . =oB Boo...+|
[[0;32m  OK  [0m] Reached target Paths.
[   29.426857] [[0;32m  OK  [0m] Listening on ACPID Listen Socket.
[[0;32m  OK  [0m] Started Daily Cleanup of Temporary Directories.
[[0;32m  OK  [0m] Started Message of the Day.
[[0;32m  OK  [0m] Started Daily apt download activities.
[[0;32m  OK  [0m] Started Daily apt upgrade and clean activities.
[[0;32m  OK  [0m] Reached target Timers.
[[0;32m  OK  [0m] Reached target Network is Online.
cloud-init[962]: |       B+*.+*= *=|
[   29.468283]          Starting iSCSI initiator daemon (iscsid)...
[[0;32m  OK  [0m] Listening on Socket activation for snappy daemon.
[[0;32m  OK  [0m] Listening on LXD - unix socket.
[[0;32m  OK  [0m] Reached target Sockets.
[[0;32m  OK  [0m] Reached target Basic System.
         Starting LXD - container startup/shutdown...
         Starting System Logging Service...
cloud-init[[0;32m  OK  [0m] Started Regular background program processing daemon.
[962]: |       .=o +B++.@|
         Starting Pollinate to seed the pseudo random number generator...
         Starting Virtualbox guest utils...
[[0;32m  OK  [0m] Started Deferred execution scheduler.
         Starting LSB: MD monitoring daemon...
         Starting Accounts Service...
[[0;32m  OK  [0m] Started FUSE filesystem for LXC.
         Starting Login Service...
         Starting /etc/rc.local Compatibility...
         Starting LSB: Record successful boot for GRUB...
[[0;32m  OK  [0m] Started ACPI event daemon.
[[0;32m  OK  [0m] Started D-Bus System Message Bus.
[   29.547710] cloud-init[962]: +----[SHA256]-----+
[   29.723055] cloud-init[962]: Generating public/private dsa key pair.
[   29.755429] cloud-init[962]: Your identification has been saved in /etc/ssh/ssh_host_dsa_key.
[   29.780522] cloud-init[962]: Your public key has been saved in /etc/ssh/ssh_host_dsa_key.pub.
[   29.803428] cloud-init[962]: The key fingerprint is:
[   29.834961] cloud-init[962]: SHA256:MGZE3HBCF/1yV5/QKlhPeM8MkO3frb6AekAq44fmR6o root@ubuntu-xenial
[   29.851532] cloud-init[962]: The key's randomart image is:
[   29.867997] cloud-init[962]: +---[DSA 1024]----+
[   29.889292] cloud-init[962]: |     +*o+o .= .  |
[   29.928511]          Starting Snap Daemon...
[[0;32m  OK  [0m] Started System Logging Service.
cloud-init[962]: |     ..+. .+ * ..|
[   29.958430] cloud-init[962]: [[0;32m  OK  [0m] Started /etc/rc.local Compatibility.
|      =   o.= B.o|
[   29.997328] [[0;32m  OK  [0m] Started iSCSI initiator daemon (iscsid).
cloud-init[962]: |     o o....o+.=.|         Starting Login to default iSCSI targets...

[   30.087611] [[0;32m  OK  [0m] Started Login Service.
[[0;32m  OK  [0m] Started Unattended Upgrades Shutdown.
[[0;32m  OK  [0m] Started LSB: Record successful boot for GRUB.
cloud-init[962]: |       oS  o... o|
         Starting Authenticate and Authorize Users to Run Privileged Tasks...
[   30.378510] cloud-init[962]: |    o o .  .   .o|
[   30.470616] cloud-init[962]: |   . *   .. .  . |[[0;32m  OK  [0m] Started LSB: MD monitoring daemon.

[[0;32m  OK  [0m] Started LXD - container startup/shutdown.
[   30.580632] cloud-init[962]: |    = o  ..  ..  |
[[0;32m  OK  [0m] Started Login to default iSCSI targets.
[[0;32m  OK  [0m] Reached target Remote File Systems (Pre).
[[0;32m  OK  [0m] Reached target Remote File Systems.
         Starting Permit User Sessions...
         Starting LSB: Set the CPU Frequency Scaling governor to "ondemand"...
         Starting LSB: daemon to balance interrupts for SMP systems...
[   30.712150]          Starting LSB: automatic crash report generation...
cloud-init[962]: |  E+.o  ..   .o. |[[0;32m  OK  [0m] Started Permit User Sessions.
         Starting Hold until boot process finishes up...
         Starting Terminate Plymouth Boot Screen...
[[0;32m  OK  [0m] Started Authenticate and Authorize Users to Run Privileged Tasks.
[[0;32m  OK  [0m] Started Accounts Service.
[[0;32m  OK  [0m] Started Hold until boot process finishes up.

[[0;32m  OK  [0m] Started Getty on tty1.
[   30.895860] cloud-init[962]: +----[SHA256]-----+         Starting Set console scheme...
[[0;32m  OK  [0m] Started Serial Getty on ttyS0.
[[0;32m  OK  [0m] Reached target Login Prompts.

[[0;32m  OK  [0m] Started Terminate Plymouth Boot Screen.
[[0;32m  OK  [0m] Started Set console scheme.
[   31.023044] cloud-init[[0;32m  OK  [0m] Started LSB: Set the CPU Frequency Scaling governor to "ondemand".
[962]: Generating public/private ecdsa key pair.
[[0;32m  OK  [0m] Started LSB: daemon to balance interrupts for SMP systems.
[   31.219068] cloud-init[962]: Your identification has been saved in /etc/ssh/ssh_host_ecdsa_key.
[   31.242674] cloud-init[962]: Your public key has been saved in /etc/ssh/ssh_host_ecdsa_key.pub.
[   31.285157] cloud-init[962]: The key fingerprint is:
[   31.322021] cloud-init[962]: SHA256:DQYgFE8ouu7QG9LDYNqwIkcQvzBUbyyEATyiXhLONUk root@ubuntu-xenial
[   31.325249] cloud-init[962]: The key's randomart image is:
[[0;32m  OK  [0m] Started LSB: automatic crash report generation.
[   31.327424] cloud-init[962]: +---[ECDSA 256]---+
[   31.380820] cloud-init[[0;32m  OK  [0m] Started Virtualbox guest utils.
[962]: |=+OE+..          |
[   31.505378] cloud-init[962]: |+BoBo  .         |
[   31.590404] cloud-init[962]: |X.=.o+  o        |
[   31.641118] cloud-init[962]: |oB oo  . o       |
[   31.674581] cloud-init[962]: |+o=     S .      |
[   31.700506] cloud-init[962]: |+@               |
[   31.721833] cloud-init[962]: |O O              |
[   31.737171] cloud-init[962]: |++ +             |
[   31.752448] cloud-init[962]: |...              |
[   31.783456] cloud-init[962]: +----[SHA256]-----+
[   31.821387] cloud-init[962]: Generating public/private ed25519 key pair.
[   31.881250] cloud-init[962]: Your identification has been saved in /etc/ssh/ssh_host_ed25519_key.
[   31.924755] cloud-init[962]: Your public key has been saved in /etc/ssh/ssh_host_ed25519_key.pub.
[   31.951928] cloud-init[962]: The key fingerprint is:
[   31.983050] cloud-init[962]: SHA256:7bm/WMn8LlRBgILE+MoUY7zysCyF52KVeeWtkdi8gfw root@ubuntu-xenial
[   32.025207] cloud-init[962]: The key's randomart image is:
[   32.056703] cloud-init[962]: +--[ED25519 256]--+
[   32.078026] cloud-init[962]: |   . +..   ..o.  |
[   32.107443] cloud-init[962]: |    * o.. .   .  |
[   32.169960] cloud-init[962]: | . .+=B o.     . |
[   32.202197] cloud-init[962]: |. =+o=.B o    .  |
[   32.230616] cloud-init[962]: | =.B... S .  .   |
[   32.263026] cloud-init[962]: |o.+ +  E . +..   |
[   32.275061] cloud-init[962]: |.o        o.=    |
[   32.308797] cloud-init[962]: |           +..   |
[   32.327391] cloud-init[962]: |          o.o+o  |
[   32.361469] cloud-init[962]: +----[SHA256]-----+
[[0;32m  OK  [0m] Started Pollinate to seed the pseudo random number generator.
         Starting OpenBSD Secure Shell server...
[[0;32m  OK  [0m] Started Snap Daemon.
         Starting Wait until snapd is fully seeded...
[[0;32m  OK  [0m] Started OpenBSD Secure Shell server.
[[0;32m  OK  [0m] Created slice User Slice of vagrant.
         Starting User Manager for UID 1000...
[[0;32m  OK  [0m] Started Session 1 of user vagrant.
[[0;32m  OK  [0m] Started User Manager for UID 1000.

Ubuntu 16.04.7 LTS ubuntu-xenial ttyS0

ubuntu-xenial login: [   38.404051] cloud-init[1423]: Generating locales (this might take a while)...
[   41.380072] cloud-init[1423]:   en_US.UTF-8... done
[   41.387167] cloud-init[1423]: Generation complete.
[   42.072578] cloud-init[1423]: Cloud-init v. 20.4.1-0ubuntu1~16.04.1 running 'modules:config' at Tue, 16 Mar 2021 18:59:11 +0000. Up 38.06 seconds.
ci-info: no authorized SSH keys fingerprints found for user ubuntu.
<14>Mar 16 18:59:16 ec2: 
<14>Mar 16 18:59:16 ec2: #############################################################
<14>Mar 16 18:59:16 ec2: -----BEGIN SSH HOST KEY FINGERPRINTS-----
<14>Mar 16 18:59:16 ec2: 1024 SHA256:MGZE3HBCF/1yV5/QKlhPeM8MkO3frb6AekAq44fmR6o root@ubuntu-xenial (DSA)
<14>Mar 16 18:59:16 ec2: 256 SHA256:DQYgFE8ouu7QG9LDYNqwIkcQvzBUbyyEATyiXhLONUk root@ubuntu-xenial (ECDSA)
<14>Mar 16 18:59:16 ec2: 256 SHA256:7bm/WMn8LlRBgILE+MoUY7zysCyF52KVeeWtkdi8gfw root@ubuntu-xenial (ED25519)
<14>Mar 16 18:59:16 ec2: 2048 SHA256:B+smTOj1p8Z87WAfvd1l/9H+rGicL74ZoiSVaw36W9E root@ubuntu-xenial (RSA)
<14>Mar 16 18:59:16 ec2: -----END SSH HOST KEY FINGERPRINTS-----
<14>Mar 16 18:59:16 ec2: #############################################################
-----BEGIN SSH HOST KEY KEYS-----
ecdsa-sha2-nistp256 AAAAE2VjZHNhLXNoYTItbmlzdHAyNTYAAAAIbmlzdHAyNTYAAABBBKH03jUMaFOlNhu/z4Ln/AdVxXr8zdxJ0Ii82M6Ws9+GHntne2lHcROjtbz5OZ6GorrYtUkQABne9MP/DJgGWes= root@ubuntu-xenial
ssh-ed25519 AAAAC3NzaC1lZDI1NTE5AAAAILdwlJY2sJN7QFbBX1oJUaZt+V2+mhUVwg8FqdavhmZZ root@ubuntu-xenial
ssh-rsa AAAAB3NzaC1yc2EAAAADAQABAAABAQC2X8/STSShSl+m6KNCO7SFkr1JsbRjLkrw/lGObyXtldUxwKd4vw+dHLLWXO/E6cggk5LTiMFqaYW9sUAKR8vCN0GG/Fb+TIqCS45EwYuSoCmM3s4cURGu2sMcTZg0xpt6XfoQgqYG2GA6LgmWCT/HOYgNqfYr7OHbOBCksCgBPYLrjy6GfaYiHtgvUuio5lL5QulXWO9yJYw9SyKb8j/4ej62zisk2k57I5taXLt5+VdYJx66HwN48yENCk9o7MfcU+czMA/qxVLr+qEoyDLNM3Rxewbh2OAZ4W9bJN5Atr4LZtKKVxhpk1bVZufx7d+DfUbXYR+5uZA0GWWIV5sp root@ubuntu-xenial
-----END SSH HOST KEY KEYS-----
[   43.248012] cloud-init[1573]: Cloud-init v. 20.4.1-0ubuntu1~16.04.1 running 'modules:final' at Tue, 16 Mar 2021 18:59:16 +0000. Up 42.78 seconds.
[   43.266913] cloud-init[1573]: ci-info: no authorized SSH keys fingerprints found for user ubuntu.
[   43.282876] cloud-init[1573]: Cloud-init v. 20.4.1-0ubuntu1~16.04.1 finished at Tue, 16 Mar 2021 18:59:16 +0000. Datasource DataSourceNoCloud [seed=/dev/sdb][dsmode=net].  Up 43.14 seconds
